<?xml version="1.0" encoding="UTF-8"?>
<!-- Generated by org.testng.reporters.JUnitReportReporter -->
<testsuite skipped="0" hostname="Zahirs-MacBook-Air.local" name="com.portfolio.testcases.Testcases" tests="1" failures="0" timestamp="23 Nov 2017 05:42:03 GMT" time="18.230" errors="0">
  <testcase name="firsttest" time="18.230" classname="com.portfolio.testcases.Testcases"/>
</testsuite> <!-- com.portfolio.testcases.Testcases -->
