<?xml version="1.0" encoding="UTF-8"?>
<!-- Generated by org.testng.reporters.JUnitReportReporter -->
<testsuite skipped="0" hostname="aDee-Powerhouse" name="com.testcases.Testcases" tests="1" failures="0" timestamp="24 Nov 2017 03:05:46 GMT" time="16.275" errors="0">
  <testcase name="firsttest" time="16.275" classname="com.testcases.Testcases"/>
</testsuite> <!-- com.testcases.Testcases -->
